TN:
SF:config/db.config.js
FNF:0
FNH:0
DA:1,3
DA:2,3
LF:2
LH:2
BRDA:1,0,0,3
BRF:1
BRH:1
end_of_record
TN:
SF:models/Comment.js
FN:3,Comment
FNF:1
FNH:0
FNDA:0,Comment
DA:1,3
DA:2,3
DA:3,3
DA:4,0
DA:5,0
DA:6,0
DA:7,0
DA:8,0
DA:9,0
DA:10,0
DA:11,0
DA:12,0
DA:13,0
DA:14,0
DA:15,0
DA:16,0
DA:17,0
DA:18,0
DA:19,0
DA:20,0
DA:21,0
DA:22,0
DA:23,0
DA:24,0
DA:25,0
DA:26,0
DA:27,0
DA:28,0
DA:29,0
DA:30,0
DA:31,3
DA:32,3
LF:32
LH:5
BRDA:1,0,0,3
BRF:1
BRH:1
end_of_record
TN:
SF:models/User.js
FN:3,User
FNF:1
FNH:0
FNDA:0,User
DA:1,3
DA:2,3
DA:3,3
DA:4,0
DA:5,0
DA:6,0
DA:7,0
DA:8,0
DA:9,0
DA:10,0
DA:11,0
DA:12,0
DA:13,0
DA:14,0
DA:15,0
DA:16,0
DA:17,0
DA:18,0
DA:19,0
DA:20,0
DA:21,0
DA:22,0
DA:23,0
DA:24,0
DA:25,0
DA:26,0
DA:27,0
DA:28,0
DA:29,0
DA:30,0
DA:31,0
DA:32,0
DA:33,0
DA:34,0
DA:35,0
DA:36,0
DA:37,0
DA:38,0
DA:39,0
DA:40,0
DA:41,0
DA:42,0
DA:43,0
DA:44,0
DA:45,0
DA:46,0
DA:47,0
DA:48,3
DA:49,3
LF:49
LH:5
BRDA:1,0,0,3
BRF:1
BRH:1
end_of_record
TN:
SF:models/Vote.js
FN:3,Vote
FNF:1
FNH:0
FNDA:0,Vote
DA:1,3
DA:2,3
DA:3,3
DA:4,0
DA:5,0
DA:6,0
DA:7,0
DA:8,0
DA:9,0
DA:10,0
DA:11,0
DA:12,0
DA:13,0
DA:14,0
DA:15,0
DA:16,0
DA:17,0
DA:18,0
DA:19,0
DA:20,0
DA:21,0
DA:22,0
DA:23,0
DA:24,0
DA:25,0
DA:26,0
DA:27,3
DA:28,3
LF:28
LH:5
BRDA:1,0,0,3
BRF:1
BRH:1
end_of_record
TN:
SF:models/index.js
FNF:0
FNH:0
DA:1,3
DA:2,3
DA:3,3
DA:4,3
DA:5,3
DA:6,3
DA:7,3
DA:8,3
DA:9,3
DA:10,3
DA:11,3
DA:12,3
DA:13,3
DA:14,3
DA:15,3
DA:16,3
DA:17,3
DA:18,3
DA:19,3
LF:19
LH:19
BRDA:1,0,0,3
BRF:1
BRH:1
end_of_record
TN:
SF:util/db-util.js
FN:1,db_conn
FNF:1
FNH:1
FNDA:3,db_conn
DA:1,3
DA:2,3
DA:3,3
DA:4,3
DA:5,3
DA:6,3
DA:7,3
DA:8,4
DA:9,4
DA:10,3
DA:11,3
DA:12,0
DA:13,3
DA:14,3
DA:15,3
DA:16,3
LF:16
LH:15
BRDA:1,0,0,3
BRDA:1,1,0,3
BRDA:7,2,0,4
BRF:3
BRH:3
end_of_record
